2025-03-24 17:11:31,167:train:INFO:Registering ObsPy dataset with HDF5 support...
2025-03-24 17:11:31,172:train:WARNING:Data augmentation: Dataset size -> 200
2025-03-24 17:11:31,172:train:WARNING:[val]Augmentation -> False
2025-03-24 17:11:31,172:train:INFO:Registering ObsPy dataset with HDF5 support...
2025-03-24 17:11:31,175:train:INFO:train size: 200, val size:100
2025-03-24 17:11:31,175:train:WARNING:`args.epochs` -> 10, `args.steps` -> 10
2025-03-24 17:11:31,318:train:INFO:Model loaded: C:\Users\Intel X Nvidia\Desktop\TA\SeisT\pretrained\seist_s_dpk_diting.pth
2025-03-24 17:11:31,361:train:INFO:model.load_state_dict
2025-03-24 17:11:31,363:train:INFO:Model parameters: 125717
2025-03-24 17:11:49,102:train:INFO:Train: [0/10][0/1]seist_s_dpk_train  [DET]precision 0.0000 (0.0000)  [DET]recall 0.0000 (0.0000)  [DET]f1 0.0000 (0.0000)  [PPK]precision 0.0000 (0.0000)  [PPK]recall 0.0000 (0.0000)  [PPK]f1 0.0000 (0.0000)  [PPK]mean 0.0000 (0.0000)  [PPK]std 0.0000 (0.0000)  [PPK]mae 0.0000 (0.0000)  [PPK]mape 0.0000 (0.0000)  [SPK]precision 0.0000 (0.0000)  [SPK]recall 0.0000 (0.0000)  [SPK]f1 0.0000 (0.0000)  [SPK]mean 0.0000 (0.0000)  [SPK]std 0.0000 (0.0000)  [SPK]mae 0.0000 (0.0000)  [SPK]mape 0.0000 (0.0000)  Loss 0.1007 (0.1007)
2025-03-24 17:12:10,753:train:INFO:Val: [0/10][0/1]seist_s_dpk_val  [DET]precision 0.0000 (0.0000)  [DET]recall 0.0000 (0.0000)  [DET]f1 0.0000 (0.0000)  [PPK]precision 0.0000 (0.0000)  [PPK]recall 0.0000 (0.0000)  [PPK]f1 0.0000 (0.0000)  [PPK]mean 0.0000 (0.0000)  [PPK]std 0.0000 (0.0000)  [PPK]mae 0.0000 (0.0000)  [PPK]mape 0.0000 (0.0000)  [SPK]precision 0.0000 (0.0000)  [SPK]recall 0.0000 (0.0000)  [SPK]f1 0.0000 (0.0000)  [SPK]mean 0.0000 (0.0000)  [SPK]std 0.0000 (0.0000)  [SPK]mae 0.0000 (0.0000)  [SPK]mape 0.0000 (0.0000)  Loss 0.0165 (0.0165)
2025-03-24 17:12:12,918:train:INFO:Model saved: C:\Users\Intel X Nvidia\Desktop\TA\SeisT\logs\2025-03-24_17-11-31_seist_s_dpk_obspy\checkpoints\model-0.pth
2025-03-24 17:12:13,062:train:INFO:* [Train Metrics][DET]PRECISION 0.0000  RECALL 0.0000  F1 0.0000 [PPK]PRECISION 0.0000  RECALL 0.0000  F1 0.0000  MEAN 0.0000  STD 0.0000  MAE 0.0000  MAPE 0.0000 [SPK]PRECISION 0.0000  RECALL 0.0000  F1 0.0000  MEAN 0.0000  STD 0.0000  MAE 0.0000  MAPE 0.0000 
2025-03-24 17:12:13,063:train:INFO:* [Val Metrics][DET]PRECISION 0.0000  RECALL 0.0000  F1 0.0000 [PPK]PRECISION 0.0000  RECALL 0.0000  F1 0.0000  MEAN 0.0000  STD 0.0000  MAE 0.0000  MAPE 0.0000 [SPK]PRECISION 0.0000  RECALL 0.0000  F1 0.0000  MEAN 0.0000  STD 0.0000  MAE 0.0000  MAPE 0.0000 
2025-03-24 17:12:13,063:train:INFO:* Epoch cost time: 0h 0min 41s
2025-03-24 17:12:13,063:train:INFO:* Estimated end time: 2025-03-24 17:18:27

2025-03-24 17:12:26,332:train:INFO:Train: [1/10][0/1]seist_s_dpk_train  [DET]precision 0.0000 (0.0000)  [DET]recall 0.0000 (0.0000)  [DET]f1 0.0000 (0.0000)  [PPK]precision 0.0000 (0.0000)  [PPK]recall 0.0000 (0.0000)  [PPK]f1 0.0000 (0.0000)  [PPK]mean 0.0000 (0.0000)  [PPK]std 0.0000 (0.0000)  [PPK]mae 0.0000 (0.0000)  [PPK]mape 0.0000 (0.0000)  [SPK]precision 0.0000 (0.0000)  [SPK]recall 0.0000 (0.0000)  [SPK]f1 0.0000 (0.0000)  [SPK]mean 0.0000 (0.0000)  [SPK]std 0.0000 (0.0000)  [SPK]mae 0.0000 (0.0000)  [SPK]mape 0.0000 (0.0000)  Loss 0.1026 (0.1026)
2025-03-24 17:12:38,190:train:INFO:Val: [1/10][0/1]seist_s_dpk_val  [DET]precision 0.0000 (0.0000)  [DET]recall 0.0000 (0.0000)  [DET]f1 0.0000 (0.0000)  [PPK]precision 0.0000 (0.0000)  [PPK]recall 0.0000 (0.0000)  [PPK]f1 0.0000 (0.0000)  [PPK]mean 0.0000 (0.0000)  [PPK]std 0.0000 (0.0000)  [PPK]mae 0.0000 (0.0000)  [PPK]mape 0.0000 (0.0000)  [SPK]precision 0.0000 (0.0000)  [SPK]recall 0.0000 (0.0000)  [SPK]f1 0.0000 (0.0000)  [SPK]mean 0.0000 (0.0000)  [SPK]std 0.0000 (0.0000)  [SPK]mae 0.0000 (0.0000)  [SPK]mape 0.0000 (0.0000)  Loss 0.0176 (0.0176)
2025-03-24 17:12:40,383:train:INFO:Epochs since last improvement:1
2025-03-24 17:12:40,396:train:INFO:* [Train Metrics][DET]PRECISION 0.0000  RECALL 0.0000  F1 0.0000 [PPK]PRECISION 0.0000  RECALL 0.0000  F1 0.0000  MEAN 0.0000  STD 0.0000  MAE 0.0000  MAPE 0.0000 [SPK]PRECISION 0.0000  RECALL 0.0000  F1 0.0000  MEAN 0.0000  STD 0.0000  MAE 0.0000  MAPE 0.0000 
2025-03-24 17:12:40,397:train:INFO:* [Val Metrics][DET]PRECISION 0.0000  RECALL 0.0000  F1 0.0000 [PPK]PRECISION 0.0000  RECALL 0.0000  F1 0.0000  MEAN 0.0000  STD 0.0000  MAE 0.0000  MAPE 0.0000 [SPK]PRECISION 0.0000  RECALL 0.0000  F1 0.0000  MEAN 0.0000  STD 0.0000  MAE 0.0000  MAPE 0.0000 
2025-03-24 17:12:40,398:train:INFO:* Epoch cost time: 0h 0min 27s
2025-03-24 17:12:40,398:train:INFO:* Estimated end time: 2025-03-24 17:16:24

2025-03-24 17:12:52,348:train:INFO:Train: [2/10][0/1]seist_s_dpk_train  [DET]precision 0.0000 (0.0000)  [DET]recall 0.0000 (0.0000)  [DET]f1 0.0000 (0.0000)  [PPK]precision 0.0000 (0.0000)  [PPK]recall 0.0000 (0.0000)  [PPK]f1 0.0000 (0.0000)  [PPK]mean 0.0000 (0.0000)  [PPK]std 0.0000 (0.0000)  [PPK]mae 0.0000 (0.0000)  [PPK]mape 0.0000 (0.0000)  [SPK]precision 0.0000 (0.0000)  [SPK]recall 0.0000 (0.0000)  [SPK]f1 0.0000 (0.0000)  [SPK]mean 0.0000 (0.0000)  [SPK]std 0.0000 (0.0000)  [SPK]mae 0.0000 (0.0000)  [SPK]mape 0.0000 (0.0000)  Loss 0.1032 (0.1032)
2025-03-24 17:13:05,883:train:INFO:Val: [2/10][0/1]seist_s_dpk_val  [DET]precision 0.0000 (0.0000)  [DET]recall 0.0000 (0.0000)  [DET]f1 0.0000 (0.0000)  [PPK]precision 0.0000 (0.0000)  [PPK]recall 0.0000 (0.0000)  [PPK]f1 0.0000 (0.0000)  [PPK]mean 0.0000 (0.0000)  [PPK]std 0.0000 (0.0000)  [PPK]mae 0.0000 (0.0000)  [PPK]mape 0.0000 (0.0000)  [SPK]precision 0.0000 (0.0000)  [SPK]recall 0.0000 (0.0000)  [SPK]f1 0.0000 (0.0000)  [SPK]mean 0.0000 (0.0000)  [SPK]std 0.0000 (0.0000)  [SPK]mae 0.0000 (0.0000)  [SPK]mape 0.0000 (0.0000)  Loss 0.0179 (0.0179)
2025-03-24 17:13:07,960:train:INFO:Epochs since last improvement:2
2025-03-24 17:13:07,972:train:INFO:* [Train Metrics][DET]PRECISION 0.0000  RECALL 0.0000  F1 0.0000 [PPK]PRECISION 0.0000  RECALL 0.0000  F1 0.0000  MEAN 0.0000  STD 0.0000  MAE 0.0000  MAPE 0.0000 [SPK]PRECISION 0.0000  RECALL 0.0000  F1 0.0000  MEAN 0.0000  STD 0.0000  MAE 0.0000  MAPE 0.0000 
2025-03-24 17:13:07,972:train:INFO:* [Val Metrics][DET]PRECISION 0.0000  RECALL 0.0000  F1 0.0000 [PPK]PRECISION 0.0000  RECALL 0.0000  F1 0.0000  MEAN 0.0000  STD 0.0000  MAE 0.0000  MAPE 0.0000 [SPK]PRECISION 0.0000  RECALL 0.0000  F1 0.0000  MEAN 0.0000  STD 0.0000  MAE 0.0000  MAPE 0.0000 
2025-03-24 17:13:07,973:train:INFO:* Epoch cost time: 0h 0min 27s
2025-03-24 17:13:07,973:train:INFO:* Estimated end time: 2025-03-24 17:16:24

2025-03-24 17:13:18,760:train:INFO:Train: [3/10][0/1]seist_s_dpk_train  [DET]precision 0.0000 (0.0000)  [DET]recall 0.0000 (0.0000)  [DET]f1 0.0000 (0.0000)  [PPK]precision 0.0000 (0.0000)  [PPK]recall 0.0000 (0.0000)  [PPK]f1 0.0000 (0.0000)  [PPK]mean 0.0000 (0.0000)  [PPK]std 0.0000 (0.0000)  [PPK]mae 0.0000 (0.0000)  [PPK]mape 0.0000 (0.0000)  [SPK]precision 0.0000 (0.0000)  [SPK]recall 0.0000 (0.0000)  [SPK]f1 0.0000 (0.0000)  [SPK]mean 0.0000 (0.0000)  [SPK]std 0.0000 (0.0000)  [SPK]mae 0.0000 (0.0000)  [SPK]mape 0.0000 (0.0000)  Loss 0.0937 (0.0937)
2025-03-24 17:13:30,484:train:INFO:Val: [3/10][0/1]seist_s_dpk_val  [DET]precision 0.0000 (0.0000)  [DET]recall 0.0000 (0.0000)  [DET]f1 0.0000 (0.0000)  [PPK]precision 0.0000 (0.0000)  [PPK]recall 0.0000 (0.0000)  [PPK]f1 0.0000 (0.0000)  [PPK]mean 0.0000 (0.0000)  [PPK]std 0.0000 (0.0000)  [PPK]mae 0.0000 (0.0000)  [PPK]mape 0.0000 (0.0000)  [SPK]precision 0.0000 (0.0000)  [SPK]recall 0.0000 (0.0000)  [SPK]f1 0.0000 (0.0000)  [SPK]mean 0.0000 (0.0000)  [SPK]std 0.0000 (0.0000)  [SPK]mae 0.0000 (0.0000)  [SPK]mape 0.0000 (0.0000)  Loss 0.0180 (0.0180)
2025-03-24 17:13:32,547:train:INFO:Epochs since last improvement:3
2025-03-24 17:13:32,560:train:INFO:* [Train Metrics][DET]PRECISION 0.0000  RECALL 0.0000  F1 0.0000 [PPK]PRECISION 0.0000  RECALL 0.0000  F1 0.0000  MEAN 0.0000  STD 0.0000  MAE 0.0000  MAPE 0.0000 [SPK]PRECISION 0.0000  RECALL 0.0000  F1 0.0000  MEAN 0.0000  STD 0.0000  MAE 0.0000  MAPE 0.0000 
2025-03-24 17:13:32,561:train:INFO:* [Val Metrics][DET]PRECISION 0.0000  RECALL 0.0000  F1 0.0000 [PPK]PRECISION 0.0000  RECALL 0.0000  F1 0.0000  MEAN 0.0000  STD 0.0000  MAE 0.0000  MAPE 0.0000 [SPK]PRECISION 0.0000  RECALL 0.0000  F1 0.0000  MEAN 0.0000  STD 0.0000  MAE 0.0000  MAPE 0.0000 
2025-03-24 17:13:32,561:train:INFO:* Epoch cost time: 0h 0min 24s
2025-03-24 17:13:32,562:train:INFO:* Estimated end time: 2025-03-24 17:16:03

2025-03-24 17:13:44,331:train:INFO:Train: [4/10][0/1]seist_s_dpk_train  [DET]precision 0.0000 (0.0000)  [DET]recall 0.0000 (0.0000)  [DET]f1 0.0000 (0.0000)  [PPK]precision 0.0000 (0.0000)  [PPK]recall 0.0000 (0.0000)  [PPK]f1 0.0000 (0.0000)  [PPK]mean 0.0000 (0.0000)  [PPK]std 0.0000 (0.0000)  [PPK]mae 0.0000 (0.0000)  [PPK]mape 0.0000 (0.0000)  [SPK]precision 0.0000 (0.0000)  [SPK]recall 0.0000 (0.0000)  [SPK]f1 0.0000 (0.0000)  [SPK]mean 0.0000 (0.0000)  [SPK]std 0.0000 (0.0000)  [SPK]mae 0.0000 (0.0000)  [SPK]mape 0.0000 (0.0000)  Loss 0.0803 (0.0803)
2025-03-24 17:13:56,442:train:INFO:Val: [4/10][0/1]seist_s_dpk_val  [DET]precision 0.0000 (0.0000)  [DET]recall 0.0000 (0.0000)  [DET]f1 0.0000 (0.0000)  [PPK]precision 0.0000 (0.0000)  [PPK]recall 0.0000 (0.0000)  [PPK]f1 0.0000 (0.0000)  [PPK]mean 0.0000 (0.0000)  [PPK]std 0.0000 (0.0000)  [PPK]mae 0.0000 (0.0000)  [PPK]mape 0.0000 (0.0000)  [SPK]precision 0.0000 (0.0000)  [SPK]recall 0.0000 (0.0000)  [SPK]f1 0.0000 (0.0000)  [SPK]mean 0.0000 (0.0000)  [SPK]std 0.0000 (0.0000)  [SPK]mae 0.0000 (0.0000)  [SPK]mape 0.0000 (0.0000)  Loss 0.0176 (0.0176)
2025-03-24 17:13:58,342:train:INFO:Epochs since last improvement:4
2025-03-24 17:13:58,357:train:INFO:* [Train Metrics][DET]PRECISION 0.0000  RECALL 0.0000  F1 0.0000 [PPK]PRECISION 0.0000  RECALL 0.0000  F1 0.0000  MEAN 0.0000  STD 0.0000  MAE 0.0000  MAPE 0.0000 [SPK]PRECISION 0.0000  RECALL 0.0000  F1 0.0000  MEAN 0.0000  STD 0.0000  MAE 0.0000  MAPE 0.0000 
2025-03-24 17:13:58,358:train:INFO:* [Val Metrics][DET]PRECISION 0.0000  RECALL 0.0000  F1 0.0000 [PPK]PRECISION 0.0000  RECALL 0.0000  F1 0.0000  MEAN 0.0000  STD 0.0000  MAE 0.0000  MAPE 0.0000 [SPK]PRECISION 0.0000  RECALL 0.0000  F1 0.0000  MEAN 0.0000  STD 0.0000  MAE 0.0000  MAPE 0.0000 
2025-03-24 17:13:58,359:train:INFO:* Epoch cost time: 0h 0min 25s
2025-03-24 17:13:58,359:train:INFO:* Estimated end time: 2025-03-24 17:16:09

2025-03-24 17:14:07,806:train:INFO:Train: [5/10][0/1]seist_s_dpk_train  [DET]precision 0.0000 (0.0000)  [DET]recall 0.0000 (0.0000)  [DET]f1 0.0000 (0.0000)  [PPK]precision 0.0000 (0.0000)  [PPK]recall 0.0000 (0.0000)  [PPK]f1 0.0000 (0.0000)  [PPK]mean 0.0000 (0.0000)  [PPK]std 0.0000 (0.0000)  [PPK]mae 0.0000 (0.0000)  [PPK]mape 0.0000 (0.0000)  [SPK]precision 0.0000 (0.0000)  [SPK]recall 0.0000 (0.0000)  [SPK]f1 0.0000 (0.0000)  [SPK]mean 0.0000 (0.0000)  [SPK]std 0.0000 (0.0000)  [SPK]mae 0.0000 (0.0000)  [SPK]mape 0.0000 (0.0000)  Loss 0.0941 (0.0941)
2025-03-24 17:14:18,554:train:INFO:Val: [5/10][0/1]seist_s_dpk_val  [DET]precision 0.0000 (0.0000)  [DET]recall 0.0000 (0.0000)  [DET]f1 0.0000 (0.0000)  [PPK]precision 0.0000 (0.0000)  [PPK]recall 0.0000 (0.0000)  [PPK]f1 0.0000 (0.0000)  [PPK]mean 0.0000 (0.0000)  [PPK]std 0.0000 (0.0000)  [PPK]mae 0.0000 (0.0000)  [PPK]mape 0.0000 (0.0000)  [SPK]precision 0.0000 (0.0000)  [SPK]recall 0.0000 (0.0000)  [SPK]f1 0.0000 (0.0000)  [SPK]mean 0.0000 (0.0000)  [SPK]std 0.0000 (0.0000)  [SPK]mae 0.0000 (0.0000)  [SPK]mape 0.0000 (0.0000)  Loss 0.0167 (0.0167)
2025-03-24 17:14:20,696:train:INFO:Epochs since last improvement:5
2025-03-24 17:14:20,708:train:INFO:* [Train Metrics][DET]PRECISION 0.0000  RECALL 0.0000  F1 0.0000 [PPK]PRECISION 0.0000  RECALL 0.0000  F1 0.0000  MEAN 0.0000  STD 0.0000  MAE 0.0000  MAPE 0.0000 [SPK]PRECISION 0.0000  RECALL 0.0000  F1 0.0000  MEAN 0.0000  STD 0.0000  MAE 0.0000  MAPE 0.0000 
2025-03-24 17:14:20,709:train:INFO:* [Val Metrics][DET]PRECISION 0.0000  RECALL 0.0000  F1 0.0000 [PPK]PRECISION 0.0000  RECALL 0.0000  F1 0.0000  MEAN 0.0000  STD 0.0000  MAE 0.0000  MAPE 0.0000 [SPK]PRECISION 0.0000  RECALL 0.0000  F1 0.0000  MEAN 0.0000  STD 0.0000  MAE 0.0000  MAPE 0.0000 
2025-03-24 17:14:20,709:train:INFO:* Epoch cost time: 0h 0min 22s
2025-03-24 17:14:20,710:train:INFO:* Estimated end time: 2025-03-24 17:15:52

2025-03-24 17:14:31,684:train:INFO:Train: [6/10][0/1]seist_s_dpk_train  [DET]precision 0.0000 (0.0000)  [DET]recall 0.0000 (0.0000)  [DET]f1 0.0000 (0.0000)  [PPK]precision 0.0000 (0.0000)  [PPK]recall 0.0000 (0.0000)  [PPK]f1 0.0000 (0.0000)  [PPK]mean 0.0000 (0.0000)  [PPK]std 0.0000 (0.0000)  [PPK]mae 0.0000 (0.0000)  [PPK]mape 0.0000 (0.0000)  [SPK]precision 0.0000 (0.0000)  [SPK]recall 0.0000 (0.0000)  [SPK]f1 0.0000 (0.0000)  [SPK]mean 0.0000 (0.0000)  [SPK]std 0.0000 (0.0000)  [SPK]mae 0.0000 (0.0000)  [SPK]mape 0.0000 (0.0000)  Loss 0.0870 (0.0870)
2025-03-24 17:14:43,539:train:INFO:Val: [6/10][0/1]seist_s_dpk_val  [DET]precision 0.0000 (0.0000)  [DET]recall 0.0000 (0.0000)  [DET]f1 0.0000 (0.0000)  [PPK]precision 0.0000 (0.0000)  [PPK]recall 0.0000 (0.0000)  [PPK]f1 0.0000 (0.0000)  [PPK]mean 0.0000 (0.0000)  [PPK]std 0.0000 (0.0000)  [PPK]mae 0.0000 (0.0000)  [PPK]mape 0.0000 (0.0000)  [SPK]precision 0.0000 (0.0000)  [SPK]recall 0.0000 (0.0000)  [SPK]f1 0.0000 (0.0000)  [SPK]mean 0.0000 (0.0000)  [SPK]std 0.0000 (0.0000)  [SPK]mae 0.0000 (0.0000)  [SPK]mape 0.0000 (0.0000)  Loss 0.0155 (0.0155)
2025-03-24 17:14:45,451:train:INFO:Model saved: C:\Users\Intel X Nvidia\Desktop\TA\SeisT\logs\2025-03-24_17-11-31_seist_s_dpk_obspy\checkpoints\model-6.pth
2025-03-24 17:14:45,465:train:INFO:* [Train Metrics][DET]PRECISION 0.0000  RECALL 0.0000  F1 0.0000 [PPK]PRECISION 0.0000  RECALL 0.0000  F1 0.0000  MEAN 0.0000  STD 0.0000  MAE 0.0000  MAPE 0.0000 [SPK]PRECISION 0.0000  RECALL 0.0000  F1 0.0000  MEAN 0.0000  STD 0.0000  MAE 0.0000  MAPE 0.0000 
2025-03-24 17:14:45,466:train:INFO:* [Val Metrics][DET]PRECISION 0.0000  RECALL 0.0000  F1 0.0000 [PPK]PRECISION 0.0000  RECALL 0.0000  F1 0.0000  MEAN 0.0000  STD 0.0000  MAE 0.0000  MAPE 0.0000 [SPK]PRECISION 0.0000  RECALL 0.0000  F1 0.0000  MEAN 0.0000  STD 0.0000  MAE 0.0000  MAPE 0.0000 
2025-03-24 17:14:45,466:train:INFO:* Epoch cost time: 0h 0min 24s
2025-03-24 17:14:45,467:train:INFO:* Estimated end time: 2025-03-24 17:16:00

2025-03-24 17:14:55,910:train:INFO:Train: [7/10][0/1]seist_s_dpk_train  [DET]precision 0.0000 (0.0000)  [DET]recall 0.0000 (0.0000)  [DET]f1 0.0000 (0.0000)  [PPK]precision 0.0000 (0.0000)  [PPK]recall 0.0000 (0.0000)  [PPK]f1 0.0000 (0.0000)  [PPK]mean 0.0000 (0.0000)  [PPK]std 0.0000 (0.0000)  [PPK]mae 0.0000 (0.0000)  [PPK]mape 0.0000 (0.0000)  [SPK]precision 0.0000 (0.0000)  [SPK]recall 0.0000 (0.0000)  [SPK]f1 0.0000 (0.0000)  [SPK]mean 0.0000 (0.0000)  [SPK]std 0.0000 (0.0000)  [SPK]mae 0.0000 (0.0000)  [SPK]mape 0.0000 (0.0000)  Loss 0.0775 (0.0775)
2025-03-24 17:15:06,564:train:INFO:Val: [7/10][0/1]seist_s_dpk_val  [DET]precision 0.0000 (0.0000)  [DET]recall 0.0000 (0.0000)  [DET]f1 0.0000 (0.0000)  [PPK]precision 0.0000 (0.0000)  [PPK]recall 0.0000 (0.0000)  [PPK]f1 0.0000 (0.0000)  [PPK]mean 0.0000 (0.0000)  [PPK]std 0.0000 (0.0000)  [PPK]mae 0.0000 (0.0000)  [PPK]mape 0.0000 (0.0000)  [SPK]precision 0.0000 (0.0000)  [SPK]recall 0.0000 (0.0000)  [SPK]f1 0.0000 (0.0000)  [SPK]mean 0.0000 (0.0000)  [SPK]std 0.0000 (0.0000)  [SPK]mae 0.0000 (0.0000)  [SPK]mape 0.0000 (0.0000)  Loss 0.0142 (0.0142)
2025-03-24 17:15:08,426:train:INFO:Model saved: C:\Users\Intel X Nvidia\Desktop\TA\SeisT\logs\2025-03-24_17-11-31_seist_s_dpk_obspy\checkpoints\model-7.pth
2025-03-24 17:15:08,437:train:INFO:* [Train Metrics][DET]PRECISION 0.0000  RECALL 0.0000  F1 0.0000 [PPK]PRECISION 0.0000  RECALL 0.0000  F1 0.0000  MEAN 0.0000  STD 0.0000  MAE 0.0000  MAPE 0.0000 [SPK]PRECISION 0.0000  RECALL 0.0000  F1 0.0000  MEAN 0.0000  STD 0.0000  MAE 0.0000  MAPE 0.0000 
2025-03-24 17:15:08,438:train:INFO:* [Val Metrics][DET]PRECISION 0.0000  RECALL 0.0000  F1 0.0000 [PPK]PRECISION 0.0000  RECALL 0.0000  F1 0.0000  MEAN 0.0000  STD 0.0000  MAE 0.0000  MAPE 0.0000 [SPK]PRECISION 0.0000  RECALL 0.0000  F1 0.0000  MEAN 0.0000  STD 0.0000  MAE 0.0000  MAPE 0.0000 
2025-03-24 17:15:08,438:train:INFO:* Epoch cost time: 0h 0min 22s
2025-03-24 17:15:08,438:train:INFO:* Estimated end time: 2025-03-24 17:15:55

2025-03-24 17:15:18,193:train:INFO:Train: [8/10][0/1]seist_s_dpk_train  [DET]precision 0.0000 (0.0000)  [DET]recall 0.0000 (0.0000)  [DET]f1 0.0000 (0.0000)  [PPK]precision 0.0000 (0.0000)  [PPK]recall 0.0000 (0.0000)  [PPK]f1 0.0000 (0.0000)  [PPK]mean 0.0000 (0.0000)  [PPK]std 0.0000 (0.0000)  [PPK]mae 0.0000 (0.0000)  [PPK]mape 0.0000 (0.0000)  [SPK]precision 0.0000 (0.0000)  [SPK]recall 0.0000 (0.0000)  [SPK]f1 0.0000 (0.0000)  [SPK]mean 0.0000 (0.0000)  [SPK]std 0.0000 (0.0000)  [SPK]mae 0.0000 (0.0000)  [SPK]mape 0.0000 (0.0000)  Loss 0.0742 (0.0742)
2025-03-24 17:15:29,839:train:INFO:Val: [8/10][0/1]seist_s_dpk_val  [DET]precision 0.0000 (0.0000)  [DET]recall 0.0000 (0.0000)  [DET]f1 0.0000 (0.0000)  [PPK]precision 0.0000 (0.0000)  [PPK]recall 0.0000 (0.0000)  [PPK]f1 0.0000 (0.0000)  [PPK]mean 0.0000 (0.0000)  [PPK]std 0.0000 (0.0000)  [PPK]mae 0.0000 (0.0000)  [PPK]mape 0.0000 (0.0000)  [SPK]precision 0.0000 (0.0000)  [SPK]recall 0.0000 (0.0000)  [SPK]f1 0.0000 (0.0000)  [SPK]mean 0.0000 (0.0000)  [SPK]std 0.0000 (0.0000)  [SPK]mae 0.0000 (0.0000)  [SPK]mape 0.0000 (0.0000)  Loss 0.0126 (0.0126)
2025-03-24 17:15:31,832:train:INFO:Model saved: C:\Users\Intel X Nvidia\Desktop\TA\SeisT\logs\2025-03-24_17-11-31_seist_s_dpk_obspy\checkpoints\model-8.pth
2025-03-24 17:15:31,844:train:INFO:* [Train Metrics][DET]PRECISION 0.0000  RECALL 0.0000  F1 0.0000 [PPK]PRECISION 0.0000  RECALL 0.0000  F1 0.0000  MEAN 0.0000  STD 0.0000  MAE 0.0000  MAPE 0.0000 [SPK]PRECISION 0.0000  RECALL 0.0000  F1 0.0000  MEAN 0.0000  STD 0.0000  MAE 0.0000  MAPE 0.0000 
2025-03-24 17:15:31,844:train:INFO:* [Val Metrics][DET]PRECISION 0.0000  RECALL 0.0000  F1 0.0000 [PPK]PRECISION 0.0000  RECALL 0.0000  F1 0.0000  MEAN 0.0000  STD 0.0000  MAE 0.0000  MAPE 0.0000 [SPK]PRECISION 0.0000  RECALL 0.0000  F1 0.0000  MEAN 0.0000  STD 0.0000  MAE 0.0000  MAPE 0.0000 
2025-03-24 17:15:31,846:train:INFO:* Epoch cost time: 0h 0min 23s
2025-03-24 17:15:31,846:train:INFO:* Estimated end time: 2025-03-24 17:15:55

2025-03-24 17:15:42,071:train:INFO:Train: [9/10][0/1]seist_s_dpk_train  [DET]precision 0.0000 (0.0000)  [DET]recall 0.0000 (0.0000)  [DET]f1 0.0000 (0.0000)  [PPK]precision 0.0000 (0.0000)  [PPK]recall 0.0000 (0.0000)  [PPK]f1 0.0000 (0.0000)  [PPK]mean 0.0000 (0.0000)  [PPK]std 0.0000 (0.0000)  [PPK]mae 0.0000 (0.0000)  [PPK]mape 0.0000 (0.0000)  [SPK]precision 0.0000 (0.0000)  [SPK]recall 0.0000 (0.0000)  [SPK]f1 0.0000 (0.0000)  [SPK]mean 0.0000 (0.0000)  [SPK]std 0.0000 (0.0000)  [SPK]mae 0.0000 (0.0000)  [SPK]mape 0.0000 (0.0000)  Loss 0.0642 (0.0642)
2025-03-24 17:15:52,989:train:INFO:Val: [9/10][0/1]seist_s_dpk_val  [DET]precision 0.0000 (0.0000)  [DET]recall 0.0000 (0.0000)  [DET]f1 0.0000 (0.0000)  [PPK]precision 0.0000 (0.0000)  [PPK]recall 0.0000 (0.0000)  [PPK]f1 0.0000 (0.0000)  [PPK]mean 0.0000 (0.0000)  [PPK]std 0.0000 (0.0000)  [PPK]mae 0.0000 (0.0000)  [PPK]mape 0.0000 (0.0000)  [SPK]precision 0.0000 (0.0000)  [SPK]recall 0.0000 (0.0000)  [SPK]f1 0.0000 (0.0000)  [SPK]mean 0.0000 (0.0000)  [SPK]std 0.0000 (0.0000)  [SPK]mae 0.0000 (0.0000)  [SPK]mape 0.0000 (0.0000)  Loss 0.0113 (0.0113)
2025-03-24 17:15:54,999:train:INFO:Model saved: C:\Users\Intel X Nvidia\Desktop\TA\SeisT\logs\2025-03-24_17-11-31_seist_s_dpk_obspy\checkpoints\model-9.pth
2025-03-24 17:15:55,017:train:INFO:* [Train Metrics][DET]PRECISION 0.0000  RECALL 0.0000  F1 0.0000 [PPK]PRECISION 0.0000  RECALL 0.0000  F1 0.0000  MEAN 0.0000  STD 0.0000  MAE 0.0000  MAPE 0.0000 [SPK]PRECISION 0.0000  RECALL 0.0000  F1 0.0000  MEAN 0.0000  STD 0.0000  MAE 0.0000  MAPE 0.0000 
2025-03-24 17:15:55,018:train:INFO:* [Val Metrics][DET]PRECISION 0.0000  RECALL 0.0000  F1 0.0000 [PPK]PRECISION 0.0000  RECALL 0.0000  F1 0.0000  MEAN 0.0000  STD 0.0000  MAE 0.0000  MAPE 0.0000 [SPK]PRECISION 0.0000  RECALL 0.0000  F1 0.0000  MEAN 0.0000  STD 0.0000  MAE 0.0000  MAPE 0.0000 
2025-03-24 17:15:55,018:train:INFO:* Epoch cost time: 0h 0min 23s
2025-03-24 17:15:55,018:train:INFO:* Estimated end time: 2025-03-24 17:15:55

